<?xml version="1.0" encoding="UTF-8"?>
<!-- Generated by org.testng.reporters.JUnitReportReporter -->
<testsuite hostname="DESKTOP-7361HHS" failures="0" tests="1" name="abhay.accessing_activity_directly" time="3.864" errors="0" timestamp="2023-01-16T21:57:53 IST" skipped="0">
  <testcase classname="abhay.accessing_activity_directly" name="Direct_access_activity" time="3.864"/>
  <system-out/>
</testsuite> <!-- abhay.accessing_activity_directly -->
