<?xml version="1.0" encoding="UTF-8"?>
<!-- Generated by org.testng.reporters.JUnitReportReporter -->
<testsuite hostname="DESKTOP-7361HHS" failures="0" tests="1" name="abhay.AppiumBasics" time="8.597" errors="0" timestamp="2023-06-06T11:47:25 IST" skipped="0">
  <testcase classname="abhay.AppiumBasics" name="wifiSettingsName" time="8.597"/>
  <system-out/>
</testsuite> <!-- abhay.AppiumBasics -->
