<?xml version="1.0" encoding="UTF-8"?>
<!-- Generated by org.testng.reporters.JUnitReportReporter -->
<testsuite hostname="DESKTOP-7361HHS" failures="0" tests="1" name="abhay.Long_press" time="8.415" errors="0" timestamp="2023-06-09T02:02:05 IST" skipped="0">
  <testcase classname="abhay.Long_press" name="Longpressgesture" time="8.415"/>
  <system-out/>
</testsuite> <!-- abhay.Long_press -->
