<?xml version="1.0" encoding="UTF-8"?>
<!-- Generated by org.testng.reporters.JUnitReportReporter -->
<testsuite hostname="DESKTOP-7361HHS" failures="0" tests="1" name="abhay.AppiumBasics" time="8.376" errors="0" timestamp="2023-05-30T22:20:45 IST" skipped="0">
  <testcase classname="abhay.AppiumBasics" name="wifiSettingsName" time="8.376"/>
  <system-out/>
</testsuite> <!-- abhay.AppiumBasics -->
