<?xml version="1.0" encoding="UTF-8"?>
<!-- Generated by org.testng.reporters.JUnitReportReporter -->
<testsuite hostname="DESKTOP-7361HHS" failures="0" tests="1" name="abhay.AppiumBasics" time="8.654" errors="0" timestamp="2023-01-02T18:23:55 IST" skipped="0">
  <testcase classname="abhay.AppiumBasics" name="wifiSettingsName" time="8.654"/>
  <system-out/>
</testsuite> <!-- abhay.AppiumBasics -->
