<?xml version="1.0" encoding="UTF-8"?>
<!-- Generated by org.testng.reporters.JUnitReportReporter -->
<testsuite hostname="DESKTOP-7361HHS" failures="0" tests="1" name="abhay.Long_press" time="8.182" errors="0" timestamp="2023-01-05T12:27:26 IST" skipped="0">
  <testcase classname="abhay.Long_press" name="Longpressgesture" time="8.182"/>
  <system-out/>
</testsuite> <!-- abhay.Long_press -->
