<?xml version="1.0" encoding="UTF-8"?>
<!-- Generated by org.testng.reporters.JUnitReportReporter -->
<testsuite hostname="DESKTOP-7361HHS" failures="0" tests="1" name="abhay.Miscllaneous_action" time="12.750" errors="0" timestamp="2023-01-16T18:22:46 IST" skipped="0">
  <testcase classname="abhay.Miscllaneous_action" name="Misc_actions" time="12.750"/>
  <system-out/>
</testsuite> <!-- abhay.Miscllaneous_action -->
