<?xml version="1.0" encoding="UTF-8"?>
<!-- Generated by org.testng.reporters.JUnitReportReporter -->
<testsuite hostname="DESKTOP-7361HHS" failures="0" tests="1" name="abhay.Drag_and_drop" time="8.076" errors="0" timestamp="2023-05-25T19:47:05 IST" skipped="0">
  <testcase classname="abhay.Drag_and_drop" name="drag_and_drop" time="8.076"/>
  <system-out/>
</testsuite> <!-- abhay.Drag_and_drop -->
